forced2sleep/build/outputs/logs/manifest-merger-debug-report.txt
-- Merging decision tree log ---
action#com.actor.forced2sleep.startup
INJECTED from src\main\AndroidManifest.xml:49:17-67
	android:name
		INJECTED from src\main\AndroidManifest.xml
		ADDED from src\main\AndroidManifest.xml:49:25-64
manifest
ADDED from src\main\AndroidManifest.xml:2:1-95:12
INJECTED from src\main\AndroidManifest.xml:2:1-95:12
INJECTED from src\main\AndroidManifest.xml:2:1-95:12
INJECTED from src\main\AndroidManifest.xml:2:1-95:12
MERGED from [com.github.actor20170211030627.MyAndroidFrameWork:myandroidframework:1.3.5] AndroidManifest.xml:2:1-136:12
MERGED from [com.yanzhenjie:album:2.1.3] AndroidManifest.xml:17:1-73:12
MERGED from [com.jaeger.statusbarutil:library:1.5.1] AndroidManifest.xml:2:1-13:12
MERGED from [com.android.support:design:28.0.0] AndroidManifest.xml:17:1-24:12
MERGED from [com.android.support:appcompat-v7:28.0.0] AndroidManifest.xml:17:1-22:12
MERGED from [com.android.support:recyclerview-v7:28.0.0] AndroidManifest.xml:17:1-22:12
MERGED from [com.android.support:gridlayout-v7:28.0.0] AndroidManifest.xml:17:1-22:12
MERGED from [com.android.support.constraint:constraint-layout:1.1.3] AndroidManifest.xml:2:1-11:12
MERGED from [com.zhy:okhttputils:2.6.2] AndroidManifest.xml:2:1-11:12
MERGED from [com.jakewharton:butterknife:8.8.1] AndroidManifest.xml:2:1-7:12
MERGED from [com.github.bumptech.glide:glide:4.9.0] AndroidManifest.xml:2:1-12:12
MERGED from [com.yanzhenjie.permission:support:2.0.1] AndroidManifest.xml:17:1-40:12
MERGED from [com.android.support:support-fragment:28.0.0] AndroidManifest.xml:17:1-22:12
MERGED from [com.android.support:animated-vector-drawable:28.0.0] AndroidManifest.xml:17:1-22:12
MERGED from [com.android.support:support-core-ui:28.0.0] AndroidManifest.xml:17:1-22:12
MERGED from [com.android.support:support-core-utils:28.0.0] AndroidManifest.xml:17:1-22:12
MERGED from [com.android.support:support-vector-drawable:28.0.0] AndroidManifest.xml:17:1-22:12
MERGED from [com.android.support:loader:28.0.0] AndroidManifest.xml:17:1-22:12
MERGED from [com.android.support:viewpager:28.0.0] AndroidManifest.xml:17:1-22:12
MERGED from [com.android.support:coordinatorlayout:28.0.0] AndroidManifest.xml:17:1-22:12
MERGED from [com.android.support:drawerlayout:28.0.0] AndroidManifest.xml:17:1-22:12
MERGED from [com.android.support:slidingpanelayout:28.0.0] AndroidManifest.xml:17:1-22:12
MERGED from [com.android.support:customview:28.0.0] AndroidManifest.xml:17:1-22:12
MERGED from [com.android.support:swiperefreshlayout:28.0.0] AndroidManifest.xml:17:1-22:12
MERGED from [com.android.support:asynclayoutinflater:28.0.0] AndroidManifest.xml:17:1-22:12
MERGED from [com.android.support:transition:28.0.0] AndroidManifest.xml:17:1-22:12
MERGED from [com.android.support:support-compat:28.0.0] AndroidManifest.xml:17:1-24:12
MERGED from [com.android.support:versionedparcelable:28.0.0] AndroidManifest.xml:17:1-25:12
MERGED from [com.android.support:cursoradapter:28.0.0] AndroidManifest.xml:17:1-22:12
MERGED from [com.contrarywind:Android-PickerView:4.1.9] AndroidManifest.xml:2:1-11:12
MERGED from [android.arch.lifecycle:runtime:1.1.1] AndroidManifest.xml:17:1-22:12
MERGED from [com.android.support:documentfile:28.0.0] AndroidManifest.xml:17:1-22:12
MERGED from [com.android.support:localbroadcastmanager:28.0.0] AndroidManifest.xml:17:1-22:12
MERGED from [com.android.support:print:28.0.0] AndroidManifest.xml:17:1-22:12
MERGED from [android.arch.lifecycle:viewmodel:1.1.1] AndroidManifest.xml:17:1-22:12
MERGED from [com.android.support:interpolator:28.0.0] AndroidManifest.xml:17:1-22:12
MERGED from [com.github.bumptech.glide:gifdecoder:4.9.0] AndroidManifest.xml:2:1-11:12
MERGED from [com.android.support:cardview-v7:28.0.0] AndroidManifest.xml:17:1-22:12
MERGED from [com.contrarywind:wheelview:4.1.0] AndroidManifest.xml:2:1-11:12
MERGED from [android.arch.lifecycle:livedata:1.1.1] AndroidManifest.xml:17:1-22:12
MERGED from [android.arch.lifecycle:livedata-core:1.1.1] AndroidManifest.xml:17:1-22:12
MERGED from [android.arch.core:runtime:1.1.1] AndroidManifest.xml:17:1-22:12
MERGED from [com.blankj:utilcode:1.28.4] AndroidManifest.xml:2:1-36:12
MERGED from [com.github.CymChad:BaseRecyclerViewAdapterHelper:2.9.50] AndroidManifest.xml:2:1-11:12
MERGED from [com.github.anzaizai:EasySwipeMenuLayout:1.1.4] AndroidManifest.xml:2:1-14:12
MERGED from [com.flyco.dialog:FlycoDialog_Lib:1.3.2] AndroidManifest.xml:2:1-11:12
MERGED from [com.zhouyou:rxeasyhttp:2.1.7] AndroidManifest.xml:2:1-23:12
MERGED from [com.yanzhenjie:mediascanner:1.0.3] AndroidManifest.xml:17:1-25:12
MERGED from [io.reactivex.rxjava2:rxandroid:2.1.1] AndroidManifest.xml:15:1-20:12
INJECTED from src\main\AndroidManifest.xml:2:1-95:12
INJECTED from src\main\AndroidManifest.xml:2:1-95:12
INJECTED from src\main\AndroidManifest.xml:2:1-95:12
	package
		ADDED from src\main\AndroidManifest.xml:4:5-37
		INJECTED from src\main\AndroidManifest.xml
		INJECTED from src\main\AndroidManifest.xml
	android:versionName
		INJECTED from src\main\AndroidManifest.xml
		ADDED from src\main\AndroidManifest.xml:2:1-95:12
		INJECTED from src\main\AndroidManifest.xml
	xmlns:tools
		ADDED from src\main\AndroidManifest.xml:3:5-51
	android:versionCode
		INJECTED from src\main\AndroidManifest.xml
		ADDED from src\main\AndroidManifest.xml:2:1-95:12
		INJECTED from src\main\AndroidManifest.xml
	xmlns:android
		ADDED from src\main\AndroidManifest.xml:2:11-69
uses-permission#android.permission.VIBRATE
ADDED from src\main\AndroidManifest.xml:7:5-66
	android:name
		ADDED from src\main\AndroidManifest.xml:7:22-63
uses-permission#android.permission.SYSTEM_ALERT_WINDOW
ADDED from src\main\AndroidManifest.xml:8:5-78
	android:name
		ADDED from src\main\AndroidManifest.xml:8:22-75
uses-permission#android.permission.FLASHLIGHT
ADDED from src\main\AndroidManifest.xml:9:5-69
	android:name
		ADDED from src\main\AndroidManifest.xml:9:22-66
uses-permission#android.permisson.RECEIVE_BOOT_COMPLETED
ADDED from src\main\AndroidManifest.xml:10:5-80
	android:name
		ADDED from src\main\AndroidManifest.xml:10:22-77
uses-permission#android.permission.GET_TASKS
ADDED from src\main\AndroidManifest.xml:11:5-68
	android:name
		ADDED from src\main\AndroidManifest.xml:11:22-65
uses-permission#android.permission.FOREGROUND_SERVICE
ADDED from src\main\AndroidManifest.xml:14:5-77
	android:name
		ADDED from src\main\AndroidManifest.xml:14:22-74
uses-permission#com.huawei.permission.external_app_settings.USE_COMPONENT
ADDED from src\main\AndroidManifest.xml:17:5-97
	android:name
		ADDED from src\main\AndroidManifest.xml:17:22-94
uses-permission#android.permission.PACKAGE_USAGE_STATS
ADDED from src\main\AndroidManifest.xml:20:5-22:47
	tools:ignore
		ADDED from src\main\AndroidManifest.xml:22:9-44
	android:name
		ADDED from src\main\AndroidManifest.xml:21:9-62
application
ADDED from src\main\AndroidManifest.xml:24:5-93:19
MERGED from [com.github.actor20170211030627.MyAndroidFrameWork:myandroidframework:1.3.5] AndroidManifest.xml:31:5-134:19
MERGED from [com.github.actor20170211030627.MyAndroidFrameWork:myandroidframework:1.3.5] AndroidManifest.xml:31:5-134:19
MERGED from [com.yanzhenjie:album:2.1.3] AndroidManifest.xml:29:5-71:19
MERGED from [com.yanzhenjie:album:2.1.3] AndroidManifest.xml:29:5-71:19
MERGED from [com.jaeger.statusbarutil:library:1.5.1] AndroidManifest.xml:11:5-20
MERGED from [com.jaeger.statusbarutil:library:1.5.1] AndroidManifest.xml:11:5-20
MERGED from [com.android.support:design:28.0.0] AndroidManifest.xml:22:5-20
MERGED from [com.android.support:design:28.0.0] AndroidManifest.xml:22:5-20
MERGED from [com.android.support.constraint:constraint-layout:1.1.3] AndroidManifest.xml:9:5-20
MERGED from [com.android.support.constraint:constraint-layout:1.1.3] AndroidManifest.xml:9:5-20
MERGED from [com.github.bumptech.glide:glide:4.9.0] AndroidManifest.xml:10:5-20
MERGED from [com.github.bumptech.glide:glide:4.9.0] AndroidManifest.xml:10:5-20
MERGED from [com.yanzhenjie.permission:support:2.0.1] AndroidManifest.xml:24:5-38:19
MERGED from [com.yanzhenjie.permission:support:2.0.1] AndroidManifest.xml:24:5-38:19
MERGED from [com.android.support:support-compat:28.0.0] AndroidManifest.xml:22:5-94
MERGED from [com.android.support:support-compat:28.0.0] AndroidManifest.xml:22:5-94
MERGED from [com.android.support:versionedparcelable:28.0.0] AndroidManifest.xml:22:5-23:19
MERGED from [com.android.support:versionedparcelable:28.0.0] AndroidManifest.xml:22:5-23:19
MERGED from [com.github.bumptech.glide:gifdecoder:4.9.0] AndroidManifest.xml:9:5-20
MERGED from [com.github.bumptech.glide:gifdecoder:4.9.0] AndroidManifest.xml:9:5-20
MERGED from [com.blankj:utilcode:1.28.4] AndroidManifest.xml:9:5-34:19
MERGED from [com.blankj:utilcode:1.28.4] AndroidManifest.xml:9:5-34:19
MERGED from [com.github.anzaizai:EasySwipeMenuLayout:1.1.4] AndroidManifest.xml:11:5-12:19
MERGED from [com.github.anzaizai:EasySwipeMenuLayout:1.1.4] AndroidManifest.xml:11:5-12:19
MERGED from [com.zhouyou:rxeasyhttp:2.1.7] AndroidManifest.xml:16:5-21:19
MERGED from [com.zhouyou:rxeasyhttp:2.1.7] AndroidManifest.xml:16:5-21:19
	android:appComponentFactory
		ADDED from [com.android.support:support-compat:28.0.0] AndroidManifest.xml:22:18-91
	android:supportsRtl
		ADDED from src\main\AndroidManifest.xml:29:9-35
	android:label
		ADDED from src\main\AndroidManifest.xml:28:9-41
	tools:ignore
		ADDED from src\main\AndroidManifest.xml:31:9-48
	android:icon
		ADDED from src\main\AndroidManifest.xml:27:9-38
	android:allowBackup
		ADDED from src\main\AndroidManifest.xml:26:9-36
		REJECTED from [com.zhouyou:rxeasyhttp:2.1.7] AndroidManifest.xml:17:9-35
	android:networkSecurityConfig
		ADDED from [com.github.actor20170211030627.MyAndroidFrameWork:myandroidframework:1.3.5] AndroidManifest.xml:32:9-69
	android:theme
		ADDED from src\main\AndroidManifest.xml:30:9-40
	tools:replace
		ADDED from src\main\AndroidManifest.xml:32:9-44
	android:usesCleartextTraffic
		ADDED from [com.github.actor20170211030627.MyAndroidFrameWork:myandroidframework:1.3.5] AndroidManifest.xml:33:9-44
	android:name
		ADDED from src\main\AndroidManifest.xml:25:9-50
activity#com.actor.forced2sleep.activity.SplashActivity
ADDED from src\main\AndroidManifest.xml:34:9-43:20
	android:excludeFromRecents
		ADDED from src\main\AndroidManifest.xml:36:13-46
	android:name
		ADDED from src\main\AndroidManifest.xml:35:13-52
intent-filter#action:name:android.intent.action.MAIN+category:name:android.intent.category.LAUNCHER
ADDED from src\main\AndroidManifest.xml:37:13-42:29
action#android.intent.action.MAIN
ADDED from src\main\AndroidManifest.xml:38:17-69
	android:name
		ADDED from src\main\AndroidManifest.xml:38:25-66
category#android.intent.category.LAUNCHER
ADDED from src\main\AndroidManifest.xml:40:17-77
	android:name
		ADDED from src\main\AndroidManifest.xml:40:27-74
activity#com.actor.forced2sleep.activity.MainActivity
ADDED from src\main\AndroidManifest.xml:45:9-55:20
	android:excludeFromRecents
		ADDED from src\main\AndroidManifest.xml:47:13-46
	android:name
		ADDED from src\main\AndroidManifest.xml:46:13-50
intent-filter#action:name:com.actor.forced2sleep.startup+category:name:android.intent.category.DEFAULT+data:scheme:forced2sleep
ADDED from src\main\AndroidManifest.xml:48:13-54:29
category#android.intent.category.DEFAULT
ADDED from src\main\AndroidManifest.xml:51:17-76
	android:name
		ADDED from src\main\AndroidManifest.xml:51:27-73
data
ADDED from src\main\AndroidManifest.xml:53:17-55
	android:scheme
		ADDED from src\main\AndroidManifest.xml:53:23-52
activity#com.actor.forced2sleep.activity.EnterPwdActivity
ADDED from src\main\AndroidManifest.xml:57:9-60:51
	android:excludeFromRecents
		ADDED from src\main\AndroidManifest.xml:59:13-46
	android:launchMode
		ADDED from src\main\AndroidManifest.xml:60:13-48
	android:name
		ADDED from src\main\AndroidManifest.xml:58:13-54
service#com.actor.forced2sleep.service.AppLockService
ADDED from src\main\AndroidManifest.xml:62:9-75:19
	android:label
		ADDED from src\main\AndroidManifest.xml:64:13-64
	android:priority
		ADDED from src\main\AndroidManifest.xml:66:13-42
	android:permission
		ADDED from src\main\AndroidManifest.xml:65:13-79
	android:name
		ADDED from src\main\AndroidManifest.xml:63:13-51
intent-filter#action:name:android.accessibilityservice.AccessibilityService
ADDED from src\main\AndroidManifest.xml:67:13-69:29
action#android.accessibilityservice.AccessibilityService
ADDED from src\main\AndroidManifest.xml:68:17-92
	android:name
		ADDED from src\main\AndroidManifest.xml:68:25-89
meta-data#android.accessibilityservice
ADDED from src\main\AndroidManifest.xml:72:13-74:72
	android:resource
		ADDED from src\main\AndroidManifest.xml:74:17-69
	android:name
		ADDED from src\main\AndroidManifest.xml:73:17-60
receiver#com.actor.forced2sleep.receiver.BootReceiver
ADDED from src\main\AndroidManifest.xml:77:9-83:20
	android:name
		ADDED from src\main\AndroidManifest.xml:77:19-56
intent-filter#action:name:android.intent.action.BOOT_COMPLETED
ADDED from src\main\AndroidManifest.xml:80:13-82:29
action#android.intent.action.BOOT_COMPLETED
ADDED from src\main\AndroidManifest.xml:81:17-79
	android:name
		ADDED from src\main\AndroidManifest.xml:81:25-76
service#com.actor.forced2sleep.service.ToastNoticeService
ADDED from src\main\AndroidManifest.xml:86:9-89:39
	android:enabled
		ADDED from src\main\AndroidManifest.xml:88:13-35
	android:exported
		ADDED from src\main\AndroidManifest.xml:89:13-36
	android:name
		ADDED from src\main\AndroidManifest.xml:87:13-55
service#com.actor.forced2sleep.service.CheckUpdateService
ADDED from src\main\AndroidManifest.xml:92:9-63
	android:name
		ADDED from src\main\AndroidManifest.xml:92:18-60
uses-sdk
INJECTED from src\main\AndroidManifest.xml reason: use-sdk injection requested
INJECTED from src\main\AndroidManifest.xml
INJECTED from src\main\AndroidManifest.xml
MERGED from [com.github.actor20170211030627.MyAndroidFrameWork:myandroidframework:1.3.5] AndroidManifest.xml:8:5-10:41
MERGED from [com.github.actor20170211030627.MyAndroidFrameWork:myandroidframework:1.3.5] AndroidManifest.xml:8:5-10:41
MERGED from [com.yanzhenjie:album:2.1.3] AndroidManifest.xml:20:5-22:41
MERGED from [com.yanzhenjie:album:2.1.3] AndroidManifest.xml:20:5-22:41
MERGED from [com.jaeger.statusbarutil:library:1.5.1] AndroidManifest.xml:7:5-9:41
MERGED from [com.jaeger.statusbarutil:library:1.5.1] AndroidManifest.xml:7:5-9:41
MERGED from [com.android.support:design:28.0.0] AndroidManifest.xml:20:5-44
MERGED from [com.android.support:design:28.0.0] AndroidManifest.xml:20:5-44
MERGED from [com.android.support:appcompat-v7:28.0.0] AndroidManifest.xml:20:5-44
MERGED from [com.android.support:appcompat-v7:28.0.0] AndroidManifest.xml:20:5-44
MERGED from [com.android.support:recyclerview-v7:28.0.0] AndroidManifest.xml:20:5-44
MERGED from [com.android.support:recyclerview-v7:28.0.0] AndroidManifest.xml:20:5-44
MERGED from [com.android.support:gridlayout-v7:28.0.0] AndroidManifest.xml:20:5-44
MERGED from [com.android.support:gridlayout-v7:28.0.0] AndroidManifest.xml:20:5-44
MERGED from [com.android.support.constraint:constraint-layout:1.1.3] AndroidManifest.xml:5:5-7:41
MERGED from [com.android.support.constraint:constraint-layout:1.1.3] AndroidManifest.xml:5:5-7:41
MERGED from [com.zhy:okhttputils:2.6.2] AndroidManifest.xml:7:5-9:41
MERGED from [com.zhy:okhttputils:2.6.2] AndroidManifest.xml:7:5-9:41
MERGED from [com.jakewharton:butterknife:8.8.1] AndroidManifest.xml:5:5-43
MERGED from [com.jakewharton:butterknife:8.8.1] AndroidManifest.xml:5:5-43
MERGED from [com.github.bumptech.glide:glide:4.9.0] AndroidManifest.xml:6:5-8:41
MERGED from [com.github.bumptech.glide:glide:4.9.0] AndroidManifest.xml:6:5-8:41
MERGED from [com.yanzhenjie.permission:support:2.0.1] AndroidManifest.xml:20:5-22:41
MERGED from [com.yanzhenjie.permission:support:2.0.1] AndroidManifest.xml:20:5-22:41
MERGED from [com.android.support:support-fragment:28.0.0] AndroidManifest.xml:20:5-44
MERGED from [com.android.support:support-fragment:28.0.0] AndroidManifest.xml:20:5-44
MERGED from [com.android.support:animated-vector-drawable:28.0.0] AndroidManifest.xml:20:5-44
MERGED from [com.android.support:animated-vector-drawable:28.0.0] AndroidManifest.xml:20:5-44
MERGED from [com.android.support:support-core-ui:28.0.0] AndroidManifest.xml:20:5-44
MERGED from [com.android.support:support-core-ui:28.0.0] AndroidManifest.xml:20:5-44
MERGED from [com.android.support:support-core-utils:28.0.0] AndroidManifest.xml:20:5-44
MERGED from [com.android.support:support-core-utils:28.0.0] AndroidManifest.xml:20:5-44
MERGED from [com.android.support:support-vector-drawable:28.0.0] AndroidManifest.xml:20:5-44
MERGED from [com.android.support:support-vector-drawable:28.0.0] AndroidManifest.xml:20:5-44
MERGED from [com.android.support:loader:28.0.0] AndroidManifest.xml:20:5-44
MERGED from [com.android.support:loader:28.0.0] AndroidManifest.xml:20:5-44
MERGED from [com.android.support:viewpager:28.0.0] AndroidManifest.xml:20:5-44
MERGED from [com.android.support:viewpager:28.0.0] AndroidManifest.xml:20:5-44
MERGED from [com.android.support:coordinatorlayout:28.0.0] AndroidManifest.xml:20:5-44
MERGED from [com.android.support:coordinatorlayout:28.0.0] AndroidManifest.xml:20:5-44
MERGED from [com.android.support:drawerlayout:28.0.0] AndroidManifest.xml:20:5-44
MERGED from [com.android.support:drawerlayout:28.0.0] AndroidManifest.xml:20:5-44
MERGED from [com.android.support:slidingpanelayout:28.0.0] AndroidManifest.xml:20:5-44
MERGED from [com.android.support:slidingpanelayout:28.0.0] AndroidManifest.xml:20:5-44
MERGED from [com.android.support:customview:28.0.0] AndroidManifest.xml:20:5-44
MERGED from [com.android.support:customview:28.0.0] AndroidManifest.xml:20:5-44
MERGED from [com.android.support:swiperefreshlayout:28.0.0] AndroidManifest.xml:20:5-44
MERGED from [com.android.support:swiperefreshlayout:28.0.0] AndroidManifest.xml:20:5-44
MERGED from [com.android.support:asynclayoutinflater:28.0.0] AndroidManifest.xml:20:5-44
MERGED from [com.android.support:asynclayoutinflater:28.0.0] AndroidManifest.xml:20:5-44
MERGED from [com.android.support:transition:28.0.0] AndroidManifest.xml:20:5-44
MERGED from [com.android.support:transition:28.0.0] AndroidManifest.xml:20:5-44
MERGED from [com.android.support:support-compat:28.0.0] AndroidManifest.xml:20:5-44
MERGED from [com.android.support:support-compat:28.0.0] AndroidManifest.xml:20:5-44
MERGED from [com.android.support:versionedparcelable:28.0.0] AndroidManifest.xml:20:5-44
MERGED from [com.android.support:versionedparcelable:28.0.0] AndroidManifest.xml:20:5-44
MERGED from [com.android.support:cursoradapter:28.0.0] AndroidManifest.xml:20:5-44
MERGED from [com.android.support:cursoradapter:28.0.0] AndroidManifest.xml:20:5-44
MERGED from [com.contrarywind:Android-PickerView:4.1.9] AndroidManifest.xml:7:5-9:41
MERGED from [com.contrarywind:Android-PickerView:4.1.9] AndroidManifest.xml:7:5-9:41
MERGED from [android.arch.lifecycle:runtime:1.1.1] AndroidManifest.xml:20:5-44
MERGED from [android.arch.lifecycle:runtime:1.1.1] AndroidManifest.xml:20:5-44
MERGED from [com.android.support:documentfile:28.0.0] AndroidManifest.xml:20:5-44
MERGED from [com.android.support:documentfile:28.0.0] AndroidManifest.xml:20:5-44
MERGED from [com.android.support:localbroadcastmanager:28.0.0] AndroidManifest.xml:20:5-44
MERGED from [com.android.support:localbroadcastmanager:28.0.0] AndroidManifest.xml:20:5-44
MERGED from [com.android.support:print:28.0.0] AndroidManifest.xml:20:5-44
MERGED from [com.android.support:print:28.0.0] AndroidManifest.xml:20:5-44
MERGED from [android.arch.lifecycle:viewmodel:1.1.1] AndroidManifest.xml:20:5-44
MERGED from [android.arch.lifecycle:viewmodel:1.1.1] AndroidManifest.xml:20:5-44
MERGED from [com.android.support:interpolator:28.0.0] AndroidManifest.xml:20:5-44
MERGED from [com.android.support:interpolator:28.0.0] AndroidManifest.xml:20:5-44
MERGED from [com.github.bumptech.glide:gifdecoder:4.9.0] AndroidManifest.xml:5:5-7:41
MERGED from [com.github.bumptech.glide:gifdecoder:4.9.0] AndroidManifest.xml:5:5-7:41
MERGED from [com.android.support:cardview-v7:28.0.0] AndroidManifest.xml:20:5-44
MERGED from [com.android.support:cardview-v7:28.0.0] AndroidManifest.xml:20:5-44
MERGED from [com.contrarywind:wheelview:4.1.0] AndroidManifest.xml:7:5-9:41
MERGED from [com.contrarywind:wheelview:4.1.0] AndroidManifest.xml:7:5-9:41
MERGED from [android.arch.lifecycle:livedata:1.1.1] AndroidManifest.xml:20:5-44
MERGED from [android.arch.lifecycle:livedata:1.1.1] AndroidManifest.xml:20:5-44
MERGED from [android.arch.lifecycle:livedata-core:1.1.1] AndroidManifest.xml:20:5-44
MERGED from [android.arch.lifecycle:livedata-core:1.1.1] AndroidManifest.xml:20:5-44
MERGED from [android.arch.core:runtime:1.1.1] AndroidManifest.xml:20:5-44
MERGED from [android.arch.core:runtime:1.1.1] AndroidManifest.xml:20:5-44
MERGED from [com.blankj:utilcode:1.28.4] AndroidManifest.xml:7:5-44
MERGED from [com.blankj:utilcode:1.28.4] AndroidManifest.xml:7:5-44
MERGED from [com.github.CymChad:BaseRecyclerViewAdapterHelper:2.9.50] AndroidManifest.xml:7:5-9:41
MERGED from [com.github.CymChad:BaseRecyclerViewAdapterHelper:2.9.50] AndroidManifest.xml:7:5-9:41
MERGED from [com.github.anzaizai:EasySwipeMenuLayout:1.1.4] AndroidManifest.xml:7:5-9:41
MERGED from [com.github.anzaizai:EasySwipeMenuLayout:1.1.4] AndroidManifest.xml:7:5-9:41
MERGED from [com.flyco.dialog:FlycoDialog_Lib:1.3.2] AndroidManifest.xml:7:5-9:41
MERGED from [com.flyco.dialog:FlycoDialog_Lib:1.3.2] AndroidManifest.xml:7:5-9:41
MERGED from [com.zhouyou:rxeasyhttp:2.1.7] AndroidManifest.xml:7:5-9:41
MERGED from [com.zhouyou:rxeasyhttp:2.1.7] AndroidManifest.xml:7:5-9:41
MERGED from [com.yanzhenjie:mediascanner:1.0.3] AndroidManifest.xml:21:5-23:41
MERGED from [com.yanzhenjie:mediascanner:1.0.3] AndroidManifest.xml:21:5-23:41
MERGED from [io.reactivex.rxjava2:rxandroid:2.1.1] AndroidManifest.xml:18:5-43
MERGED from [io.reactivex.rxjava2:rxandroid:2.1.1] AndroidManifest.xml:18:5-43
INJECTED from src\main\AndroidManifest.xml
INJECTED from src\main\AndroidManifest.xml
	android:targetSdkVersion
		INJECTED from src\main\AndroidManifest.xml
		ADDED from src\main\AndroidManifest.xml
		INJECTED from src\main\AndroidManifest.xml
	android:minSdkVersion
		INJECTED from src\main\AndroidManifest.xml
		ADDED from src\main\AndroidManifest.xml
		INJECTED from src\main\AndroidManifest.xml
uses-permission#android.permission.INTERNET
ADDED from [com.github.actor20170211030627.MyAndroidFrameWork:myandroidframework:1.3.5] AndroidManifest.xml:13:5-67
MERGED from [com.zhouyou:rxeasyhttp:2.1.7] AndroidManifest.xml:14:5-67
MERGED from [com.zhouyou:rxeasyhttp:2.1.7] AndroidManifest.xml:14:5-67
	android:name
		ADDED from [com.github.actor20170211030627.MyAndroidFrameWork:myandroidframework:1.3.5] AndroidManifest.xml:13:22-64
uses-permission#android.permission.ACCESS_NETWORK_STATE
ADDED from [com.github.actor20170211030627.MyAndroidFrameWork:myandroidframework:1.3.5] AndroidManifest.xml:16:5-79
MERGED from [com.zhouyou:rxeasyhttp:2.1.7] AndroidManifest.xml:13:5-79
MERGED from [com.zhouyou:rxeasyhttp:2.1.7] AndroidManifest.xml:13:5-79
	android:name
		ADDED from [com.github.actor20170211030627.MyAndroidFrameWork:myandroidframework:1.3.5] AndroidManifest.xml:16:22-76
uses-permission#android.permission.REQUEST_INSTALL_PACKAGES
ADDED from [com.github.actor20170211030627.MyAndroidFrameWork:myandroidframework:1.3.5] AndroidManifest.xml:19:5-83
	android:name
		ADDED from [com.github.actor20170211030627.MyAndroidFrameWork:myandroidframework:1.3.5] AndroidManifest.xml:19:22-80
uses-permission#android.permission.CAMERA
ADDED from [com.github.actor20170211030627.MyAndroidFrameWork:myandroidframework:1.3.5] AndroidManifest.xml:22:5-65
MERGED from [com.yanzhenjie:album:2.1.3] AndroidManifest.xml:24:5-65
MERGED from [com.yanzhenjie:album:2.1.3] AndroidManifest.xml:24:5-65
	android:name
		ADDED from [com.github.actor20170211030627.MyAndroidFrameWork:myandroidframework:1.3.5] AndroidManifest.xml:22:22-62
uses-permission#android.permission.READ_EXTERNAL_STORAGE
ADDED from [com.github.actor20170211030627.MyAndroidFrameWork:myandroidframework:1.3.5] AndroidManifest.xml:23:5-80
MERGED from [com.yanzhenjie:album:2.1.3] AndroidManifest.xml:25:5-80
MERGED from [com.yanzhenjie:album:2.1.3] AndroidManifest.xml:25:5-80
	android:name
		ADDED from [com.github.actor20170211030627.MyAndroidFrameWork:myandroidframework:1.3.5] AndroidManifest.xml:23:22-77
uses-permission#android.permission.WRITE_EXTERNAL_STORAGE
ADDED from [com.github.actor20170211030627.MyAndroidFrameWork:myandroidframework:1.3.5] AndroidManifest.xml:25:5-81
MERGED from [com.yanzhenjie:album:2.1.3] AndroidManifest.xml:26:5-81
MERGED from [com.yanzhenjie:album:2.1.3] AndroidManifest.xml:26:5-81
MERGED from [com.zhouyou:rxeasyhttp:2.1.7] AndroidManifest.xml:11:5-81
MERGED from [com.zhouyou:rxeasyhttp:2.1.7] AndroidManifest.xml:11:5-81
	android:name
		ADDED from [com.github.actor20170211030627.MyAndroidFrameWork:myandroidframework:1.3.5] AndroidManifest.xml:25:22-78
uses-permission#android.permission.MOUNT_UNMOUNT_FILESYSTEMS
ADDED from [com.github.actor20170211030627.MyAndroidFrameWork:myandroidframework:1.3.5] AndroidManifest.xml:27:5-29:47
MERGED from [com.zhouyou:rxeasyhttp:2.1.7] AndroidManifest.xml:12:5-84
MERGED from [com.zhouyou:rxeasyhttp:2.1.7] AndroidManifest.xml:12:5-84
	tools:ignore
		ADDED from [com.github.actor20170211030627.MyAndroidFrameWork:myandroidframework:1.3.5] AndroidManifest.xml:29:9-44
	android:name
		ADDED from [com.github.actor20170211030627.MyAndroidFrameWork:myandroidframework:1.3.5] AndroidManifest.xml:28:9-68
service#com.baidu.location.f
ADDED from [com.github.actor20170211030627.MyAndroidFrameWork:myandroidframework:1.3.5] AndroidManifest.xml:38:9-43:19
	tools:node
		ADDED from [com.github.actor20170211030627.MyAndroidFrameWork:myandroidframework:1.3.5] AndroidManifest.xml:42:13-32
	android:process
		ADDED from [com.github.actor20170211030627.MyAndroidFrameWork:myandroidframework:1.3.5] AndroidManifest.xml:41:13-38
	android:enabled
		ADDED from [com.github.actor20170211030627.MyAndroidFrameWork:myandroidframework:1.3.5] AndroidManifest.xml:40:13-35
	android:name
		ADDED from [com.github.actor20170211030627.MyAndroidFrameWork:myandroidframework:1.3.5] AndroidManifest.xml:39:13-48
activity#com.tencent.connect.common.AssistActivity
ADDED from [com.github.actor20170211030627.MyAndroidFrameWork:myandroidframework:1.3.5] AndroidManifest.xml:47:9-51:75
	android:screenOrientation
		ADDED from [com.github.actor20170211030627.MyAndroidFrameWork:myandroidframework:1.3.5] AndroidManifest.xml:50:13-47
	android:configChanges
		ADDED from [com.github.actor20170211030627.MyAndroidFrameWork:myandroidframework:1.3.5] AndroidManifest.xml:49:13-63
	android:theme
		ADDED from [com.github.actor20170211030627.MyAndroidFrameWork:myandroidframework:1.3.5] AndroidManifest.xml:51:13-72
	android:name
		ADDED from [com.github.actor20170211030627.MyAndroidFrameWork:myandroidframework:1.3.5] AndroidManifest.xml:48:13-69
activity#${applicationId}.wxapi.WXEntryActivity
ADDED from [com.github.actor20170211030627.MyAndroidFrameWork:myandroidframework:1.3.5] AndroidManifest.xml:55:9-61:75
	android:label
		ADDED from [com.github.actor20170211030627.MyAndroidFrameWork:myandroidframework:1.3.5] AndroidManifest.xml:58:13-45
	android:launchMode
		ADDED from [com.github.actor20170211030627.MyAndroidFrameWork:myandroidframework:1.3.5] AndroidManifest.xml:59:13-44
	android:exported
		ADDED from [com.github.actor20170211030627.MyAndroidFrameWork:myandroidframework:1.3.5] AndroidManifest.xml:57:13-36
	android:theme
		ADDED from [com.github.actor20170211030627.MyAndroidFrameWork:myandroidframework:1.3.5] AndroidManifest.xml:61:13-72
	android:taskAffinity
		ADDED from [com.github.actor20170211030627.MyAndroidFrameWork:myandroidframework:1.3.5] AndroidManifest.xml:60:13-52
	android:name
		ADDED from [com.github.actor20170211030627.MyAndroidFrameWork:myandroidframework:1.3.5] AndroidManifest.xml:56:13-66
activity#com.actor.forced2sleep.wxapi.WXEntryActivity
ADDED from [com.github.actor20170211030627.MyAndroidFrameWork:myandroidframework:1.3.5] AndroidManifest.xml:55:9-61:75
	android:label
		ADDED from [com.github.actor20170211030627.MyAndroidFrameWork:myandroidframework:1.3.5] AndroidManifest.xml:58:13-45
	android:launchMode
		ADDED from [com.github.actor20170211030627.MyAndroidFrameWork:myandroidframework:1.3.5] AndroidManifest.xml:59:13-44
	android:exported
		ADDED from [com.github.actor20170211030627.MyAndroidFrameWork:myandroidframework:1.3.5] AndroidManifest.xml:57:13-36
	android:theme
		ADDED from [com.github.actor20170211030627.MyAndroidFrameWork:myandroidframework:1.3.5] AndroidManifest.xml:61:13-72
	android:taskAffinity
		ADDED from [com.github.actor20170211030627.MyAndroidFrameWork:myandroidframework:1.3.5] AndroidManifest.xml:60:13-52
	android:name
		ADDED from [com.github.actor20170211030627.MyAndroidFrameWork:myandroidframework:1.3.5] AndroidManifest.xml:56:13-66
activity#${applicationId}.wxapi.WXPayEntryActivity
ADDED from [com.github.actor20170211030627.MyAndroidFrameWork:myandroidframework:1.3.5] AndroidManifest.xml:64:9-74:20
	android:launchMode
		ADDED from [com.github.actor20170211030627.MyAndroidFrameWork:myandroidframework:1.3.5] AndroidManifest.xml:67:13-43
	android:exported
		ADDED from [com.github.actor20170211030627.MyAndroidFrameWork:myandroidframework:1.3.5] AndroidManifest.xml:66:13-36
	android:name
		ADDED from [com.github.actor20170211030627.MyAndroidFrameWork:myandroidframework:1.3.5] AndroidManifest.xml:65:13-69
activity#com.actor.forced2sleep.wxapi.WXPayEntryActivity
ADDED from [com.github.actor20170211030627.MyAndroidFrameWork:myandroidframework:1.3.5] AndroidManifest.xml:64:9-74:20
	android:launchMode
		ADDED from [com.github.actor20170211030627.MyAndroidFrameWork:myandroidframework:1.3.5] AndroidManifest.xml:67:13-43
	android:exported